This is pdfTeX, Version 3.1415926-2.4-1.40.13 (TeX Live 2012/Arch Linux) (format=latex 2012.8.25)  24 SEP 2012 21:12
entering extended mode
 restricted \write18 enabled.
 %&-line parsing enabled.
**bifurcation.tex
(./bifurcation.tex
LaTeX2e <2011/06/27>
Babel <v3.8m> and hyphenation patterns for english, dumylang, nohyphenation, ge
rman-x-2012-05-30, ngerman-x-2012-05-30, afrikaans, ancientgreek, ibycus, arabi
c, armenian, basque, bulgarian, catalan, pinyin, coptic, croatian, czech, danis
h, dutch, ukenglish, usenglishmax, esperanto, estonian, ethiopic, farsi, finnis
h, french, friulan, galician, german, ngerman, swissgerman, monogreek, greek, h
ungarian, icelandic, assamese, bengali, gujarati, hindi, kannada, malayalam, ma
rathi, oriya, panjabi, tamil, telugu, indonesian, interlingua, irish, italian, 
kurmanji, latin, latvian, lithuanian, mongolian, mongolianlmc, bokmal, nynorsk,
 polish, portuguese, romanian, romansh, russian, sanskrit, serbian, serbianc, s
lovak, slovenian, spanish, swedish, turkish, turkmen, ukrainian, uppersorbian, 
welsh, loaded.
(/usr/share/texmf-dist/tex/latex/base/article.cls
Document Class: article 2007/10/19 v1.4h Standard LaTeX document class
(/usr/share/texmf-dist/tex/latex/base/size11.clo
File: size11.clo 2007/10/19 v1.4h Standard LaTeX file (size option)
)
\c@part=\count79
\c@section=\count80
\c@subsection=\count81
\c@subsubsection=\count82
\c@paragraph=\count83
\c@subparagraph=\count84
\c@figure=\count85
\c@table=\count86
\abovecaptionskip=\skip41
\belowcaptionskip=\skip42
\bibindent=\dimen102
) (./bifurcation.aux)
\openout1 = `bifurcation.aux'.

LaTeX Font Info:    Checking defaults for OML/cmm/m/it on input line 5.
LaTeX Font Info:    ... okay on input line 5.
LaTeX Font Info:    Checking defaults for T1/cmr/m/n on input line 5.
LaTeX Font Info:    ... okay on input line 5.
LaTeX Font Info:    Checking defaults for OT1/cmr/m/n on input line 5.
LaTeX Font Info:    ... okay on input line 5.
LaTeX Font Info:    Checking defaults for OMS/cmsy/m/n on input line 5.
LaTeX Font Info:    ... okay on input line 5.
LaTeX Font Info:    Checking defaults for OMX/cmex/m/n on input line 5.
LaTeX Font Info:    ... okay on input line 5.
LaTeX Font Info:    Checking defaults for U/cmr/m/n on input line 5.
LaTeX Font Info:    ... okay on input line 5.
LaTeX Font Info:    Try loading font information for OT1+phv on input line 5.

(/usr/share/texmf-dist/tex/latex/psnfss/ot1phv.fd
File: ot1phv.fd 2001/06/04 scalable font definitions for OT1/phv.
)
LaTeX Font Info:    Font shape `OT1/phv/bx/n' in size <14.4> not available
(Font)              Font shape `OT1/phv/b/n' tried instead on input line 6.
LaTeX Font Info:    External font `cmex10' loaded for size
(Font)              <10.95> on input line 7.
LaTeX Font Info:    External font `cmex10' loaded for size
(Font)              <8> on input line 7.
LaTeX Font Info:    External font `cmex10' loaded for size
(Font)              <6> on input line 7.
 [1

] (./bifurcation.aux) ) 
Here is how much of TeX's memory you used:
 276 strings out of 493489
 3158 string characters out of 3146915
 49432 words of memory out of 3000000
 3658 multiletter control sequences out of 15000+200000
 8127 words of font info for 26 fonts, out of 3000000 for 9000
 957 hyphenation exceptions out of 8191
 21i,4n,19p,172b,109s stack positions out of 5000i,500n,10000p,200000b,50000s

Output written on bifurcation.dvi (1 page, 676 bytes).
